<?xml version="1.0" encoding="UTF-8"?>
<testsuite xmlns:xsi="http://www.w3.org/2001/XMLSchema-instance" xsi:noNamespaceSchemaLocation="https://maven.apache.org/surefire/maven-surefire-plugin/xsd/surefire-test-report-3.0.xsd" version="3.0" name="TestSuite" time="0.483" tests="4" errors="0" skipped="0" failures="0">
  <properties>
[...]
</properties>
  <testcase name="testAddTwoNegativeNumbers" classname="com.sgtesting.tests.testcases.CalculatorTest" time="0.004">
    <system-err><![CDATA[SLF4J: Failed to load class "org.slf4j.impl.StaticLoggerBinder".
SLF4J: Defaulting to no-operation (NOP) logger implementation
SLF4J: See http://www.slf4j.org/codes.html#StaticLoggerBinder for further details.
]]></system-err>
  </testcase>
  <testcase name="testAddTwoPositiveNumbers" classname="com.sgtesting.tests.testcases.CalculatorTest" time="0.0"/>
  <testcase name="testMultiplyTwoNegativeNumbers" classname="com.sgtesting.tests.testcases.CalculatorTest" time="0.001"/>
  <testcase name="testMultiplyTwoPositiveNumbers" classname="com.sgtesting.tests.testcases.CalculatorTest" time="0.0"/>
</testsuite>