<?xml version="1.0" encoding="UTF-8"?>
<testng-results ignored="0" total="4" passed="4" failed="0" skipped="0">
  <reporter-output>
  </reporter-output>
  <suite started-at="2024-01-14T21:18:06 IST" name="CalculatorApp Testcases" finished-at="2024-01-14T21:18:06 IST" duration-ms="39">
    <groups>
    </groups>
    <test started-at="2024-01-14T21:18:06 IST" name="Testcases" finished-at="2024-01-14T21:18:06 IST" duration-ms="39">
      <class name="com.sgtesting.tests.testcases.CalculatorTest">
        <test-method signature="testAddTwoNegativeNumbers()[pri:0, instance:com.sgtesting.tests.testcases.CalculatorTest@702b8b12]" started-at="2024-01-14T21:18:06 IST" name="testAddTwoNegativeNumbers" finished-at="2024-01-14T21:18:06 IST" duration-ms="7" status="PASS">
          <reporter-output>
          </reporter-output>
        </test-method> <!-- testAddTwoNegativeNumbers -->
        <test-method signature="testAddTwoPositiveNumbers()[pri:0, instance:com.sgtesting.tests.testcases.CalculatorTest@702b8b12]" started-at="2024-01-14T21:18:06 IST" name="testAddTwoPositiveNumbers" finished-at="2024-01-14T21:18:06 IST" duration-ms="1" status="PASS">
          <reporter-output>
          </reporter-output>
        </test-method> <!-- testAddTwoPositiveNumbers -->
        <test-method signature="testMultiplyTwoNegativeNumbers()[pri:0, instance:com.sgtesting.tests.testcases.CalculatorTest@702b8b12]" started-at="2024-01-14T21:18:06 IST" name="testMultiplyTwoNegativeNumbers" finished-at="2024-01-14T21:18:06 IST" duration-ms="0" status="PASS">
          <reporter-output>
          </reporter-output>
        </test-method> <!-- testMultiplyTwoNegativeNumbers -->
        <test-method signature="testMultiplyTwoPositiveNumbers()[pri:0, instance:com.sgtesting.tests.testcases.CalculatorTest@702b8b12]" started-at="2024-01-14T21:18:06 IST" name="testMultiplyTwoPositiveNumbers" finished-at="2024-01-14T21:18:06 IST" duration-ms="0" status="PASS">
          <reporter-output>
          </reporter-output>
        </test-method> <!-- testMultiplyTwoPositiveNumbers -->
      </class> <!-- com.sgtesting.tests.testcases.CalculatorTest -->
    </test> <!-- Testcases -->
  </suite> <!-- CalculatorApp Testcases -->
</testng-results>
