<?xml version="1.0" encoding="UTF-8"?>
<!-- Generated by org.testng.reporters.JUnitXMLReporter -->
<testsuite ignored="0" hostname="Prabhakar_Gudi" failures="0" tests="4" name="Testcases" time="0.039" errors="0" timestamp="2024-01-14T21:18:06 IST">
  <testcase classname="com.sgtesting.tests.testcases.CalculatorTest" name="testAddTwoNegativeNumbers" time="0.007"/>
  <testcase classname="com.sgtesting.tests.testcases.CalculatorTest" name="testAddTwoPositiveNumbers" time="0.001"/>
  <testcase classname="com.sgtesting.tests.testcases.CalculatorTest" name="testMultiplyTwoNegativeNumbers" time="0.0"/>
  <testcase classname="com.sgtesting.tests.testcases.CalculatorTest" name="testMultiplyTwoPositiveNumbers" time="0.0"/>
</testsuite> <!-- Testcases -->
